<?xml version="1.0" encoding="UTF-8"?>
<!-- Generated by org.testng.reporters.JUnitReportReporter -->
<testsuite hostname="DESKTOP-76U8ILT" failures="0" tests="1" name="Testcases.TC_1" time="6.494" errors="0" timestamp="2023-07-16T16:44:18 IST" skipped="0">
  <testcase classname="Testcases.TC_1" name="login1" time="6.494"/>
  <system-out>
    <![CDATA[execution started
Execution Ended]]>
  </system-out>
</testsuite> <!-- Testcases.TC_1 -->
